<?xml version="1.0" encoding="UTF-8"?>
<!-- Generated by org.testng.reporters.JUnitReportReporter -->
<testsuite hostname="DESKTOP-KL0PVIM" failures="0" tests="3" name="runners.API_TestRunner_Tests" time="21.877" errors="0" timestamp="2021-11-10T22:43:21 IST" skipped="0">
  <testcase classname="runners.API_TestRunner_Tests" name="runScenario" time="6.925"/>
  <system-out/>
  <testcase classname="runners.API_TestRunner_Tests" name="runScenario" time="8.213"/>
  <system-out/>
  <testcase classname="runners.API_TestRunner_Tests" name="runScenario" time="6.739"/>
  <system-out/>
</testsuite> <!-- runners.API_TestRunner_Tests -->
