<?xml version="1.0" encoding="UTF-8"?>
<!-- Generated by org.testng.reporters.JUnitReportReporter -->
<testsuite hostname="DESKTOP-KL0PVIM" failures="0" tests="3" name="runners.TestRunnerPet" time="22.103" errors="0" timestamp="2021-11-10T23:09:06 IST" skipped="0">
  <testcase classname="runners.TestRunnerPet" name="runScenario" time="6.671"/>
  <system-out/>
  <testcase classname="runners.TestRunnerPet" name="runScenario" time="8.567"/>
  <system-out/>
  <testcase classname="runners.TestRunnerPet" name="runScenario" time="6.865"/>
  <system-out/>
</testsuite> <!-- runners.TestRunnerPet -->
